<?xml version="1.0" encoding="UTF-8"?>
<!-- Generated by org.testng.reporters.JUnitXMLReporter -->
<testsuite hostname="BSNO4_D00827" ignored="0" name="SanityTest" tests="4" failures="1" timestamp="15 Feb 2018 12:19:32 GMT" time="69.692" errors="0">
  <testcase name="testLoginToApplication" time="15.743" classname="Registration.Registration"/>
  <testcase name="testVerifyProductCounts" time="10.01" classname="ProductDetails.VerifyProductCounts">
    <failure type="org.openqa.selenium.InvalidSelectorException" message="invalid selector: Unable to locate an element with the xpath expression //[contains(text(),&amp;apos;Orange&amp;apos;)]/parent::*/preceding-sibling::input[1] because of the following error:
SyntaxError: Failed to execute &amp;apos;evaluate&amp;apos; on &amp;apos;Document&amp;apos;: The string &amp;apos;//[contains(text(),&amp;apos;Orange&amp;apos;)]/parent::*/preceding-sibling::input[1]&amp;apos; is not a valid XPath expression.
  (Session info: chrome=63.0.3239.132)
  (Driver info: chromedriver=2.35.528161 (5b82f2d2aae0ca24b877009200ced9065a772e73),platform=Windows NT 6.1.7601 SP1 x86_64) (WARNING: The server did not provide any stacktrace information)
Command duration or timeout: 23 milliseconds
For documentation on this error, please visit: http://seleniumhq.org/exceptions/invalid_selector_exception.html
Build info: version: &amp;apos;3.4.0&amp;apos;, revision: &amp;apos;unknown&amp;apos;, time: &amp;apos;unknown&amp;apos;
System info: host: &amp;apos;BSNO4_D00827&amp;apos;, ip: &amp;apos;10.193.146.75&amp;apos;, os.name: &amp;apos;Windows 7&amp;apos;, os.arch: &amp;apos;amd64&amp;apos;, os.version: &amp;apos;6.1&amp;apos;, java.version: &amp;apos;1.8.0_101&amp;apos;
Driver info: org.openqa.selenium.chrome.ChromeDriver
Capabilities [{applicationCacheEnabled=false, rotatable=false, mobileEmulationEnabled=false, networkConnectionEnabled=false, chrome={chromedriverVersion=2.35.528161 (5b82f2d2aae0ca24b877009200ced9065a772e73), userDataDir=C:\Users\TRAINI~1\AppData\Local\Temp\scoped_dir5668_21608}, takesHeapSnapshot=true, pageLoadStrategy=normal, databaseEnabled=false, handlesAlerts=true, hasTouchScreen=false, version=63.0.3239.132, platform=XP, browserConnectionEnabled=false, nativeEvents=true, acceptSslCerts=false, acceptInsecureCerts=false, locationContextEnabled=true, webStorageEnabled=true, browserName=chrome, takesScreenshot=true, javascriptEnabled=true, cssSelectorsEnabled=true, setWindowRect=true, unexpectedAlertBehaviour=}]
Session ID: df3f2b98dd295f75b2e33e90555e4568
*** Element info: {Using=xpath, value=//[contains(text(),&amp;apos;Orange&amp;apos;)]/parent::*/preceding-sibling::input[1]}">
      <![CDATA[org.openqa.selenium.InvalidSelectorException: invalid selector: Unable to locate an element with the xpath expression //[contains(text(),'Orange')]/parent::*/preceding-sibling::input[1] because of the following error:SyntaxError: Failed to execute 'evaluate' on 'Document': The string '//[contains(text(),'Orange')]/parent::*/preceding-sibling::input[1]' is not a valid XPath expression.  (Session info: chrome=63.0.3239.132)  (Driver info: chromedriver=2.35.528161 (5b82f2d2aae0ca24b877009200ced9065a772e73),platform=Windows NT 6.1.7601 SP1 x86_64) (WARNING: The server did not provide any stacktrace information)Command duration or timeout: 23 millisecondsFor documentation on this error, please visit: http://seleniumhq.org/exceptions/invalid_selector_exception.htmlBuild info: version: '3.4.0', revision: 'unknown', time: 'unknown'System info: host: 'BSNO4_D00827', ip: '10.193.146.75', os.name: 'Windows 7', os.arch: 'amd64', os.version: '6.1', java.version: '1.8.0_101'Driver info: org.openqa.selenium.chrome.ChromeDriverCapabilities [{applicationCacheEnabled=false, rotatable=false, mobileEmulationEnabled=false, networkConnectionEnabled=false, chrome={chromedriverVersion=2.35.528161 (5b82f2d2aae0ca24b877009200ced9065a772e73), userDataDir=C:\Users\TRAINI~1\AppData\Local\Temp\scoped_dir5668_21608}, takesHeapSnapshot=true, pageLoadStrategy=normal, databaseEnabled=false, handlesAlerts=true, hasTouchScreen=false, version=63.0.3239.132, platform=XP, browserConnectionEnabled=false, nativeEvents=true, acceptSslCerts=false, acceptInsecureCerts=false, locationContextEnabled=true, webStorageEnabled=true, browserName=chrome, takesScreenshot=true, javascriptEnabled=true, cssSelectorsEnabled=true, setWindowRect=true, unexpectedAlertBehaviour=}]Session ID: df3f2b98dd295f75b2e33e90555e4568*** Element info: {Using=xpath, value=//[contains(text(),'Orange')]/parent::*/preceding-sibling::input[1]}at org.openqa.selenium.remote.ErrorHandler.createThrowable(ErrorHandler.java:215)at org.openqa.selenium.remote.ErrorHandler.throwIfResponseFailed(ErrorHandler.java:167)at org.openqa.selenium.remote.RemoteWebDriver.execute(RemoteWebDriver.java:671)at org.openqa.selenium.remote.RemoteWebDriver.findElement(RemoteWebDriver.java:410)at org.openqa.selenium.remote.RemoteWebDriver.findElementByXPath(RemoteWebDriver.java:509)at org.openqa.selenium.By$ByXPath.findElement(By.java:361)at org.openqa.selenium.remote.RemoteWebDriver.findElement(RemoteWebDriver.java:402)at PageObject.ProductCategoryPage.selectColor(ProductCategoryPage.java:90)at ProductDetails.VerifyProductCounts.testVerifyProductCounts(VerifyProductCounts.java:28)... Removed 29 stack frames]]>
    </failure>
  </testcase> <!-- testVerifyProductCounts -->
  <testcase name="testLoginToApplication" time="11.984" classname="loginPage.LoginTest"/>
  <testcase name="verifyLowestFirstPriceListInProduct_deatilsPage" time="19.252" classname="ProductDetails.VerifyLowestFirstPriceFilter"/>
</testsuite> <!-- SanityTest -->
